Baseline MAPE (const=1.0): Train=46.95%, Val=46.42%
[INFO] New best model saved with val_loss: 100.3445
Epoch 1/500 => Train Loss: 264.5255, Val Loss: 100.3445, Best Loss: 100.3445, SMAPE (T/V): 93.65/99.24, MAPE_safe (T/V): 80.18/79.65, Time: 76.27s
[INFO] New best model saved with val_loss: 98.2920
Epoch 2/500 => Train Loss: 108.9087, Val Loss: 98.2920, Best Loss: 98.2920, SMAPE (T/V): 97.55/97.42, MAPE_safe (T/V): 80.26/79.54, Time: 76.13s
[INFO] New best model saved with val_loss: 98.2703
Epoch 3/500 => Train Loss: 101.1965, Val Loss: 98.2703, Best Loss: 98.2703, SMAPE (T/V): 97.49/97.46, MAPE_safe (T/V): 80.31/79.55, Time: 76.08s
[INFO] New best model saved with val_loss: 98.2445
Epoch 4/500 => Train Loss: 99.5618, Val Loss: 98.2445, Best Loss: 98.2445, SMAPE (T/V): 97.51/97.43, MAPE_safe (T/V): 80.32/79.55, Time: 76.22s
Epoch 5/500 => Train Loss: 98.8981, Val Loss: 98.3013, Best Loss: 98.2445, SMAPE (T/V): 97.53/97.42, MAPE_safe (T/V): 80.33/79.54, Time: 76.14s
Epoch 6/500 => Train Loss: 98.7664, Val Loss: 98.3779, Best Loss: 98.2445, SMAPE (T/V): 97.53/97.43, MAPE_safe (T/V): 80.33/79.54, Time: 75.83s
Epoch 7/500 => Train Loss: 98.5853, Val Loss: 98.2454, Best Loss: 98.2445, SMAPE (T/V): 97.53/97.42, MAPE_safe (T/V): 80.33/79.55, Time: 75.62s
[INFO] New best model saved with val_loss: 98.2333
Epoch 8/500 => Train Loss: 98.4480, Val Loss: 98.2333, Best Loss: 98.2333, SMAPE (T/V): 97.53/97.42, MAPE_safe (T/V): 80.33/79.55, Time: 75.61s
Epoch 9/500 => Train Loss: 98.4325, Val Loss: 98.2447, Best Loss: 98.2333, SMAPE (T/V): 97.53/97.42, MAPE_safe (T/V): 80.33/79.55, Time: 75.61s
[INFO] New best model saved with val_loss: 98.2332
Epoch 10/500 => Train Loss: 98.3691, Val Loss: 98.2332, Best Loss: 98.2332, SMAPE (T/V): 97.54/97.42, MAPE_safe (T/V): 80.33/79.55, Time: 75.60s
Epoch 11/500 => Train Loss: 98.4376, Val Loss: 98.2528, Best Loss: 98.2332, SMAPE (T/V): 97.54/97.44, MAPE_safe (T/V): 80.33/79.55, Time: 75.45s
Epoch 12/500 => Train Loss: 98.4884, Val Loss: 98.2571, Best Loss: 98.2332, SMAPE (T/V): 97.54/97.44, MAPE_safe (T/V): 80.33/79.55, Time: 75.39s
Epoch 13/500 => Train Loss: 98.3047, Val Loss: 98.2499, Best Loss: 98.2332, SMAPE (T/V): 97.54/97.44, MAPE_safe (T/V): 80.33/79.55, Time: 75.37s
Epoch 14/500 => Train Loss: 98.3631, Val Loss: 98.2365, Best Loss: 98.2332, SMAPE (T/V): 97.54/97.42, MAPE_safe (T/V): 80.33/79.55, Time: 75.35s
Epoch 15/500 => Train Loss: 98.3626, Val Loss: 98.2417, Best Loss: 98.2332, SMAPE (T/V): 97.54/97.42, MAPE_safe (T/V): 80.33/79.55, Time: 75.31s
Epoch 16/500 => Train Loss: 98.3362, Val Loss: 98.2351, Best Loss: 98.2332, SMAPE (T/V): 97.54/97.42, MAPE_safe (T/V): 80.33/79.55, Time: 86.25s
Epoch 17/500 => Train Loss: 98.3607, Val Loss: 98.2339, Best Loss: 98.2332, SMAPE (T/V): 97.54/97.42, MAPE_safe (T/V): 80.33/79.55, Time: 75.44s
Epoch 18/500 => Train Loss: 98.3801, Val Loss: 98.2566, Best Loss: 98.2332, SMAPE (T/V): 97.54/97.44, MAPE_safe (T/V): 80.33/79.55, Time: 75.31s
Epoch 19/500 => Train Loss: 98.3824, Val Loss: 98.2472, Best Loss: 98.2332, SMAPE (T/V): 97.54/97.43, MAPE_safe (T/V): 80.33/79.55, Time: 75.28s
Epoch 20/500 => Train Loss: 98.3112, Val Loss: 98.3080, Best Loss: 98.2332, SMAPE (T/V): 97.54/97.43, MAPE_safe (T/V): 80.33/79.54, Time: 75.27s
Epoch 21/500 => Train Loss: 98.3125, Val Loss: 98.2870, Best Loss: 98.2332, SMAPE (T/V): 97.55/97.48, MAPE_safe (T/V): 80.33/79.55, Time: 75.25s
Epoch 22/500 => Train Loss: 98.3215, Val Loss: 98.2487, Best Loss: 98.2332, SMAPE (T/V): 97.55/97.43, MAPE_safe (T/V): 80.33/79.55, Time: 75.35s
Epoch 23/500 => Train Loss: 98.3784, Val Loss: 98.2436, Best Loss: 98.2332, SMAPE (T/V): 97.55/97.42, MAPE_safe (T/V): 80.33/79.55, Time: 75.90s
Epoch 24/500 => Train Loss: 98.2871, Val Loss: 98.2615, Best Loss: 98.2332, SMAPE (T/V): 97.55/97.45, MAPE_safe (T/V): 80.33/79.55, Time: 75.75s
Epoch 25/500 => Train Loss: 98.3702, Val Loss: 98.2357, Best Loss: 98.2332, SMAPE (T/V): 97.54/97.42, MAPE_safe (T/V): 80.33/79.55, Time: 75.90s
Epoch 26/500 => Train Loss: 98.3688, Val Loss: 98.2575, Best Loss: 98.2332, SMAPE (T/V): 97.56/97.44, MAPE_safe (T/V): 80.33/79.55, Time: 75.90s
Epoch 27/500 => Train Loss: 98.3579, Val Loss: 98.2606, Best Loss: 98.2332, SMAPE (T/V): 97.56/97.42, MAPE_safe (T/V): 80.33/79.55, Time: 75.73s
Epoch 28/500 => Train Loss: 98.3719, Val Loss: 98.2513, Best Loss: 98.2332, SMAPE (T/V): 97.55/97.42, MAPE_safe (T/V): 80.33/79.55, Time: 75.66s
Epoch 29/500 => Train Loss: 98.3427, Val Loss: 98.3095, Best Loss: 98.2332, SMAPE (T/V): 97.56/97.50, MAPE_safe (T/V): 80.33/79.55, Time: 75.78s
Epoch 30/500 => Train Loss: 98.4242, Val Loss: 98.2423, Best Loss: 98.2332, SMAPE (T/V): 97.56/97.43, MAPE_safe (T/V): 80.33/79.55, Time: 75.79s
Epoch 31/500 => Train Loss: 98.3681, Val Loss: 98.2597, Best Loss: 98.2332, SMAPE (T/V): 97.55/97.45, MAPE_safe (T/V): 80.33/79.55, Time: 75.77s
Epoch 32/500 => Train Loss: 98.3992, Val Loss: 98.2834, Best Loss: 98.2332, SMAPE (T/V): 97.55/97.42, MAPE_safe (T/V): 80.33/79.55, Time: 75.59s
Epoch 33/500 => Train Loss: 98.3809, Val Loss: 98.2793, Best Loss: 98.2332, SMAPE (T/V): 97.57/97.47, MAPE_safe (T/V): 80.33/79.55, Time: 75.58s
Epoch 34/500 => Train Loss: 98.3800, Val Loss: 98.2696, Best Loss: 98.2332, SMAPE (T/V): 97.56/97.42, MAPE_safe (T/V): 80.33/79.55, Time: 75.56s
Epoch 35/500 => Train Loss: 98.3581, Val Loss: 98.3410, Best Loss: 98.2332, SMAPE (T/V): 97.57/97.54, MAPE_safe (T/V): 80.33/79.55, Time: 75.50s
Epoch 36/500 => Train Loss: 98.3393, Val Loss: 98.2596, Best Loss: 98.2332, SMAPE (T/V): 97.58/97.45, MAPE_safe (T/V): 80.33/79.55, Time: 75.53s
Epoch 37/500 => Train Loss: 98.4543, Val Loss: 98.2338, Best Loss: 98.2332, SMAPE (T/V): 97.58/97.42, MAPE_safe (T/V): 80.33/79.55, Time: 75.12s
Epoch 38/500 => Train Loss: 98.4722, Val Loss: 98.3350, Best Loss: 98.2332, SMAPE (T/V): 97.57/97.43, MAPE_safe (T/V): 80.33/79.54, Time: 74.94s
Epoch 39/500 => Train Loss: 98.3947, Val Loss: 98.3689, Best Loss: 98.2332, SMAPE (T/V): 97.58/97.58, MAPE_safe (T/V): 80.33/79.56, Time: 74.68s
Epoch 40/500 => Train Loss: 98.3535, Val Loss: 98.2490, Best Loss: 98.2332, SMAPE (T/V): 97.57/97.43, MAPE_safe (T/V): 80.33/79.55, Time: 74.54s
Epoch 41/500 => Train Loss: 98.3404, Val Loss: 98.2670, Best Loss: 98.2332, SMAPE (T/V): 97.58/97.46, MAPE_safe (T/V): 80.33/79.55, Time: 74.37s
Epoch 42/500 => Train Loss: 98.3572, Val Loss: 98.3095, Best Loss: 98.2332, SMAPE (T/V): 97.60/97.50, MAPE_safe (T/V): 80.33/79.55, Time: 74.36s
Epoch 43/500 => Train Loss: 98.3963, Val Loss: 98.2825, Best Loss: 98.2332, SMAPE (T/V): 97.59/97.47, MAPE_safe (T/V): 80.33/79.55, Time: 74.13s
Epoch 44/500 => Train Loss: 98.5051, Val Loss: 98.3145, Best Loss: 98.2332, SMAPE (T/V): 97.57/97.51, MAPE_safe (T/V): 80.33/79.55, Time: 74.28s
Epoch 45/500 => Train Loss: 98.4012, Val Loss: 98.2521, Best Loss: 98.2332, SMAPE (T/V): 97.59/97.44, MAPE_safe (T/V): 80.33/79.55, Time: 73.87s
Epoch 46/500 => Train Loss: 98.3935, Val Loss: 98.3380, Best Loss: 98.2332, SMAPE (T/V): 97.59/97.54, MAPE_safe (T/V): 80.33/79.55, Time: 73.62s
Epoch 47/500 => Train Loss: 98.3827, Val Loss: 98.2617, Best Loss: 98.2332, SMAPE (T/V): 97.61/97.45, MAPE_safe (T/V): 80.33/79.55, Time: 84.51s
Epoch 48/500 => Train Loss: 98.4317, Val Loss: 98.2589, Best Loss: 98.2332, SMAPE (T/V): 97.58/97.45, MAPE_safe (T/V): 80.33/79.55, Time: 74.14s
Epoch 49/500 => Train Loss: 98.3589, Val Loss: 98.3135, Best Loss: 98.2332, SMAPE (T/V): 97.59/97.51, MAPE_safe (T/V): 80.33/79.55, Time: 74.03s
Epoch 50/500 => Train Loss: 98.3982, Val Loss: 98.2497, Best Loss: 98.2332, SMAPE (T/V): 97.60/97.42, MAPE_safe (T/V): 80.33/79.55, Time: 73.98s
Epoch 51/500 => Train Loss: 98.3556, Val Loss: 98.4105, Best Loss: 98.2332, SMAPE (T/V): 97.61/97.44, MAPE_safe (T/V): 80.33/79.54, Time: 73.86s
Epoch 52/500 => Train Loss: 98.4514, Val Loss: 98.3046, Best Loss: 98.2332, SMAPE (T/V): 97.60/97.50, MAPE_safe (T/V): 80.33/79.55, Time: 73.86s
Epoch 53/500 => Train Loss: 98.4219, Val Loss: 98.3344, Best Loss: 98.2332, SMAPE (T/V): 97.62/97.43, MAPE_safe (T/V): 80.33/79.54, Time: 73.82s
Epoch 54/500 => Train Loss: 98.4208, Val Loss: 98.3595, Best Loss: 98.2332, SMAPE (T/V): 97.60/97.56, MAPE_safe (T/V): 80.33/79.55, Time: 73.78s
Epoch 55/500 => Train Loss: 98.3934, Val Loss: 98.5468, Best Loss: 98.2332, SMAPE (T/V): 97.63/97.79, MAPE_safe (T/V): 80.33/79.57, Time: 73.71s
Epoch 56/500 => Train Loss: 98.3819, Val Loss: 98.2874, Best Loss: 98.2332, SMAPE (T/V): 97.62/97.48, MAPE_safe (T/V): 80.33/79.55, Time: 73.54s
Epoch 57/500 => Train Loss: 98.4252, Val Loss: 98.2388, Best Loss: 98.2332, SMAPE (T/V): 97.61/97.42, MAPE_safe (T/V): 80.33/79.55, Time: 73.49s
Epoch 58/500 => Train Loss: 98.4907, Val Loss: 98.5515, Best Loss: 98.2332, SMAPE (T/V): 97.61/97.45, MAPE_safe (T/V): 80.33/79.54, Time: 73.39s
Epoch 59/500 => Train Loss: 98.4155, Val Loss: 98.2902, Best Loss: 98.2332, SMAPE (T/V): 97.65/97.48, MAPE_safe (T/V): 80.34/79.55, Time: 73.27s
[INFO] Early stopping triggered after 60 epochs
[INFO] Best validation loss: 98.2332
Training complete in 77m 10s, best val loss: 98.2332
[1;34mwandb[0m: 
[1;34mwandb[0m: 🚀 View run [33mSimpleGraphSAGE_1M_dataset_SimpleGraphSAGE[0m at: [34mhttps://wandb.ai/maa9509-new-york-university/release_model/runs/ogb3gb02[0m
[1;34mwandb[0m: Find logs at: [1;35mwandb/run-20251005_131447-ogb3gb02/logs[0m
