Baseline MAPE (const=1.0): Train=48.29%, Val=46.17%
[INFO] New best model saved with val_loss: 3.1384
Epoch 1/500 => Train Loss: 8.4856, Val Loss: 3.1384, Best Loss: 3.1384, SMAPE (T/V): 53.08/47.39, MAPE_safe (T/V): 183.25/152.19, Time: 5.51s
[INFO] New best model saved with val_loss: 2.6732
Epoch 2/500 => Train Loss: 4.3472, Val Loss: 2.6732, Best Loss: 2.6732, SMAPE (T/V): 46.38/41.17, MAPE_safe (T/V): 111.94/91.67, Time: 4.63s
Epoch 3/500 => Train Loss: 4.2157, Val Loss: 2.7815, Best Loss: 2.6732, SMAPE (T/V): 44.30/43.02, MAPE_safe (T/V): 90.24/105.22, Time: 4.62s
[INFO] New best model saved with val_loss: 2.6702
Epoch 4/500 => Train Loss: 4.0428, Val Loss: 2.6702, Best Loss: 2.6702, SMAPE (T/V): 43.68/41.12, MAPE_safe (T/V): 87.53/92.23, Time: 4.65s
[INFO] New best model saved with val_loss: 2.3815
Epoch 5/500 => Train Loss: 3.6816, Val Loss: 2.3815, Best Loss: 2.3815, SMAPE (T/V): 43.26/35.56, MAPE_safe (T/V): 85.67/57.27, Time: 4.64s
[INFO] New best model saved with val_loss: 2.3327
Epoch 6/500 => Train Loss: 3.3921, Val Loss: 2.3327, Best Loss: 2.3327, SMAPE (T/V): 40.93/35.66, MAPE_safe (T/V): 65.00/55.53, Time: 4.66s
[INFO] New best model saved with val_loss: 2.3119
Epoch 7/500 => Train Loss: 3.1710, Val Loss: 2.3119, Best Loss: 2.3119, SMAPE (T/V): 40.34/36.13, MAPE_safe (T/V): 62.85/53.80, Time: 4.64s
[INFO] New best model saved with val_loss: 2.3100
Epoch 8/500 => Train Loss: 3.1531, Val Loss: 2.3100, Best Loss: 2.3100, SMAPE (T/V): 40.48/36.96, MAPE_safe (T/V): 60.62/52.99, Time: 4.71s
[INFO] New best model saved with val_loss: 2.3042
Epoch 9/500 => Train Loss: 3.0597, Val Loss: 2.3042, Best Loss: 2.3042, SMAPE (T/V): 40.46/36.77, MAPE_safe (T/V): 59.53/54.75, Time: 4.64s
Epoch 10/500 => Train Loss: 3.0528, Val Loss: 2.3261, Best Loss: 2.3042, SMAPE (T/V): 40.17/37.51, MAPE_safe (T/V): 59.20/51.48, Time: 4.63s
Epoch 11/500 => Train Loss: 3.0171, Val Loss: 2.3338, Best Loss: 2.3042, SMAPE (T/V): 40.07/35.70, MAPE_safe (T/V): 59.24/55.14, Time: 5.36s
[INFO] New best model saved with val_loss: 2.3018
Epoch 12/500 => Train Loss: 3.1009, Val Loss: 2.3018, Best Loss: 2.3018, SMAPE (T/V): 40.16/36.86, MAPE_safe (T/V): 59.87/53.16, Time: 4.65s
[INFO] New best model saved with val_loss: 2.2980
Epoch 13/500 => Train Loss: 2.9814, Val Loss: 2.2980, Best Loss: 2.2980, SMAPE (T/V): 40.41/37.97, MAPE_safe (T/V): 58.51/56.32, Time: 4.66s
Epoch 14/500 => Train Loss: 2.9424, Val Loss: 2.3213, Best Loss: 2.2980, SMAPE (T/V): 40.68/38.82, MAPE_safe (T/V): 58.80/54.49, Time: 4.62s
Epoch 15/500 => Train Loss: 2.9297, Val Loss: 2.3077, Best Loss: 2.2980, SMAPE (T/V): 41.01/39.10, MAPE_safe (T/V): 58.52/59.58, Time: 4.62s
Epoch 16/500 => Train Loss: 2.9041, Val Loss: 2.3109, Best Loss: 2.2980, SMAPE (T/V): 41.15/38.88, MAPE_safe (T/V): 59.03/55.77, Time: 4.64s
Epoch 17/500 => Train Loss: 2.9127, Val Loss: 2.3120, Best Loss: 2.2980, SMAPE (T/V): 40.84/38.63, MAPE_safe (T/V): 58.88/54.98, Time: 4.62s
Epoch 18/500 => Train Loss: 2.8763, Val Loss: 2.3077, Best Loss: 2.2980, SMAPE (T/V): 41.04/38.88, MAPE_safe (T/V): 58.46/56.96, Time: 4.61s
Epoch 19/500 => Train Loss: 2.8755, Val Loss: 2.3309, Best Loss: 2.2980, SMAPE (T/V): 41.15/38.78, MAPE_safe (T/V): 58.87/52.72, Time: 4.63s
Epoch 20/500 => Train Loss: 2.8693, Val Loss: 2.3126, Best Loss: 2.2980, SMAPE (T/V): 41.11/39.15, MAPE_safe (T/V): 58.75/57.01, Time: 5.36s
Epoch 21/500 => Train Loss: 2.8663, Val Loss: 2.3068, Best Loss: 2.2980, SMAPE (T/V): 41.18/38.90, MAPE_safe (T/V): 58.85/56.60, Time: 4.63s
Epoch 22/500 => Train Loss: 2.8866, Val Loss: 2.3068, Best Loss: 2.2980, SMAPE (T/V): 41.09/39.30, MAPE_safe (T/V): 58.46/61.19, Time: 4.61s
Epoch 23/500 => Train Loss: 3.4827, Val Loss: 2.4992, Best Loss: 2.2980, SMAPE (T/V): 42.27/37.35, MAPE_safe (T/V): 74.66/59.13, Time: 4.62s
Epoch 24/500 => Train Loss: 3.2305, Val Loss: 2.3266, Best Loss: 2.2980, SMAPE (T/V): 40.18/36.01, MAPE_safe (T/V): 61.32/53.20, Time: 4.63s
Epoch 25/500 => Train Loss: 3.1544, Val Loss: 2.3108, Best Loss: 2.2980, SMAPE (T/V): 40.28/37.95, MAPE_safe (T/V): 58.61/57.36, Time: 4.64s
Epoch 26/500 => Train Loss: 2.9745, Val Loss: 2.3069, Best Loss: 2.2980, SMAPE (T/V): 40.49/38.46, MAPE_safe (T/V): 58.24/58.81, Time: 4.63s
Epoch 27/500 => Train Loss: 2.9613, Val Loss: 2.2987, Best Loss: 2.2980, SMAPE (T/V): 40.83/37.49, MAPE_safe (T/V): 58.24/56.00, Time: 4.63s
Epoch 28/500 => Train Loss: 2.9144, Val Loss: 2.3166, Best Loss: 2.2980, SMAPE (T/V): 40.59/38.62, MAPE_safe (T/V): 58.41/55.61, Time: 4.63s
Epoch 29/500 => Train Loss: 2.8875, Val Loss: 2.3176, Best Loss: 2.2980, SMAPE (T/V): 40.96/39.31, MAPE_safe (T/V): 58.48/57.71, Time: 4.62s
Epoch 30/500 => Train Loss: 2.8814, Val Loss: 2.3240, Best Loss: 2.2980, SMAPE (T/V): 41.07/39.13, MAPE_safe (T/V): 58.61/55.23, Time: 5.35s
Epoch 31/500 => Train Loss: 2.8794, Val Loss: 2.3098, Best Loss: 2.2980, SMAPE (T/V): 41.18/38.70, MAPE_safe (T/V): 58.63/55.77, Time: 4.61s
Epoch 32/500 => Train Loss: 2.8624, Val Loss: 2.3234, Best Loss: 2.2980, SMAPE (T/V): 40.98/38.85, MAPE_safe (T/V): 58.48/54.06, Time: 4.61s
Epoch 33/500 => Train Loss: 2.8495, Val Loss: 2.3177, Best Loss: 2.2980, SMAPE (T/V): 41.22/39.37, MAPE_safe (T/V): 58.74/56.66, Time: 4.61s
Epoch 34/500 => Train Loss: 2.8540, Val Loss: 2.3033, Best Loss: 2.2980, SMAPE (T/V): 40.94/36.98, MAPE_safe (T/V): 58.39/52.67, Time: 4.62s
Epoch 35/500 => Train Loss: 2.8543, Val Loss: 2.3187, Best Loss: 2.2980, SMAPE (T/V): 41.01/38.67, MAPE_safe (T/V): 58.69/53.88, Time: 4.64s
Epoch 36/500 => Train Loss: 2.8511, Val Loss: 2.3021, Best Loss: 2.2980, SMAPE (T/V): 41.14/39.19, MAPE_safe (T/V): 58.73/59.34, Time: 4.63s
Epoch 37/500 => Train Loss: 2.8442, Val Loss: 2.2982, Best Loss: 2.2980, SMAPE (T/V): 41.18/38.69, MAPE_safe (T/V): 58.67/56.66, Time: 4.62s
Epoch 38/500 => Train Loss: 2.8352, Val Loss: 2.2985, Best Loss: 2.2980, SMAPE (T/V): 41.22/39.04, MAPE_safe (T/V): 58.61/59.61, Time: 4.61s
[INFO] New best model saved with val_loss: 2.2857
Epoch 39/500 => Train Loss: 2.8647, Val Loss: 2.2857, Best Loss: 2.2857, SMAPE (T/V): 41.28/38.28, MAPE_safe (T/V): 58.97/56.17, Time: 4.66s
Epoch 40/500 => Train Loss: 2.8497, Val Loss: 2.2972, Best Loss: 2.2857, SMAPE (T/V): 41.15/39.04, MAPE_safe (T/V): 58.97/58.97, Time: 5.36s
Epoch 41/500 => Train Loss: 2.8312, Val Loss: 2.3036, Best Loss: 2.2857, SMAPE (T/V): 41.15/38.56, MAPE_safe (T/V): 58.63/53.91, Time: 4.64s
Epoch 42/500 => Train Loss: 2.8784, Val Loss: 2.3009, Best Loss: 2.2857, SMAPE (T/V): 40.97/37.81, MAPE_safe (T/V): 59.28/52.07, Time: 4.63s
Epoch 43/500 => Train Loss: 2.8401, Val Loss: 2.2871, Best Loss: 2.2857, SMAPE (T/V): 41.10/39.10, MAPE_safe (T/V): 58.74/62.52, Time: 4.64s
Epoch 44/500 => Train Loss: 2.8342, Val Loss: 2.2981, Best Loss: 2.2857, SMAPE (T/V): 41.22/38.35, MAPE_safe (T/V): 59.05/53.90, Time: 4.63s
Epoch 45/500 => Train Loss: 2.8395, Val Loss: 2.2921, Best Loss: 2.2857, SMAPE (T/V): 41.30/38.82, MAPE_safe (T/V): 58.98/56.66, Time: 4.62s
Epoch 46/500 => Train Loss: 2.8220, Val Loss: 2.2911, Best Loss: 2.2857, SMAPE (T/V): 41.31/39.54, MAPE_safe (T/V): 58.87/61.90, Time: 4.62s
[INFO] New best model saved with val_loss: 2.2819
Epoch 47/500 => Train Loss: 2.8230, Val Loss: 2.2819, Best Loss: 2.2819, SMAPE (T/V): 41.32/38.49, MAPE_safe (T/V): 59.28/57.34, Time: 4.67s
Epoch 48/500 => Train Loss: 2.8542, Val Loss: 2.3481, Best Loss: 2.2819, SMAPE (T/V): 41.35/37.92, MAPE_safe (T/V): 59.26/49.54, Time: 4.65s
Epoch 49/500 => Train Loss: 2.8174, Val Loss: 2.2991, Best Loss: 2.2819, SMAPE (T/V): 41.07/39.98, MAPE_safe (T/V): 58.56/64.22, Time: 5.40s
Epoch 50/500 => Train Loss: 2.8245, Val Loss: 2.3657, Best Loss: 2.2819, SMAPE (T/V): 41.32/39.03, MAPE_safe (T/V): 59.31/50.22, Time: 4.64s
Epoch 51/500 => Train Loss: 2.8122, Val Loss: 2.2824, Best Loss: 2.2819, SMAPE (T/V): 41.27/38.26, MAPE_safe (T/V): 59.04/54.66, Time: 4.63s
[INFO] New best model saved with val_loss: 2.2811
Epoch 52/500 => Train Loss: 2.8117, Val Loss: 2.2811, Best Loss: 2.2811, SMAPE (T/V): 41.19/39.34, MAPE_safe (T/V): 59.29/59.67, Time: 4.64s
[INFO] New best model saved with val_loss: 2.2694
Epoch 53/500 => Train Loss: 2.7991, Val Loss: 2.2694, Best Loss: 2.2694, SMAPE (T/V): 41.30/39.15, MAPE_safe (T/V): 59.29/62.43, Time: 4.64s
Epoch 54/500 => Train Loss: 2.8195, Val Loss: 2.3156, Best Loss: 2.2694, SMAPE (T/V): 41.20/37.91, MAPE_safe (T/V): 59.88/50.56, Time: 4.61s
Epoch 55/500 => Train Loss: 2.7942, Val Loss: 2.3085, Best Loss: 2.2694, SMAPE (T/V): 41.10/38.77, MAPE_safe (T/V): 59.32/53.52, Time: 4.63s
[INFO] New best model saved with val_loss: 2.2688
Epoch 56/500 => Train Loss: 2.7880, Val Loss: 2.2688, Best Loss: 2.2688, SMAPE (T/V): 41.40/38.53, MAPE_safe (T/V): 60.05/58.77, Time: 4.67s
Epoch 57/500 => Train Loss: 2.7757, Val Loss: 2.3159, Best Loss: 2.2688, SMAPE (T/V): 41.20/38.16, MAPE_safe (T/V): 60.08/51.14, Time: 4.63s
[INFO] New best model saved with val_loss: 2.2609
Epoch 58/500 => Train Loss: 2.7757, Val Loss: 2.2609, Best Loss: 2.2609, SMAPE (T/V): 41.37/38.01, MAPE_safe (T/V): 60.26/59.61, Time: 4.64s
Epoch 59/500 => Train Loss: 2.7783, Val Loss: 2.2931, Best Loss: 2.2609, SMAPE (T/V): 41.31/39.94, MAPE_safe (T/V): 60.37/66.43, Time: 5.37s
Epoch 60/500 => Train Loss: 2.7717, Val Loss: 2.2765, Best Loss: 2.2609, SMAPE (T/V): 41.23/38.91, MAPE_safe (T/V): 59.80/64.90, Time: 4.64s
Epoch 61/500 => Train Loss: 2.7665, Val Loss: 2.2920, Best Loss: 2.2609, SMAPE (T/V): 41.20/39.87, MAPE_safe (T/V): 60.23/69.82, Time: 4.64s
Epoch 62/500 => Train Loss: 2.7601, Val Loss: 2.2806, Best Loss: 2.2609, SMAPE (T/V): 41.25/38.82, MAPE_safe (T/V): 60.69/58.31, Time: 4.63s
Epoch 63/500 => Train Loss: 2.7605, Val Loss: 2.3010, Best Loss: 2.2609, SMAPE (T/V): 41.21/40.50, MAPE_safe (T/V): 59.95/69.72, Time: 4.63s
Epoch 64/500 => Train Loss: 2.7744, Val Loss: 2.2993, Best Loss: 2.2609, SMAPE (T/V): 41.09/40.18, MAPE_safe (T/V): 60.06/68.71, Time: 4.65s
Epoch 65/500 => Train Loss: 2.7631, Val Loss: 2.3075, Best Loss: 2.2609, SMAPE (T/V): 41.22/39.52, MAPE_safe (T/V): 60.33/57.06, Time: 4.63s
Epoch 66/500 => Train Loss: 2.7447, Val Loss: 2.2980, Best Loss: 2.2609, SMAPE (T/V): 41.16/39.67, MAPE_safe (T/V): 59.91/69.58, Time: 4.64s
Epoch 67/500 => Train Loss: 2.7428, Val Loss: 2.2858, Best Loss: 2.2609, SMAPE (T/V): 41.12/39.47, MAPE_safe (T/V): 60.32/63.14, Time: 4.64s
Epoch 68/500 => Train Loss: 2.7450, Val Loss: 2.2857, Best Loss: 2.2609, SMAPE (T/V): 41.10/38.36, MAPE_safe (T/V): 60.30/55.06, Time: 4.64s
Epoch 69/500 => Train Loss: 2.7321, Val Loss: 2.3016, Best Loss: 2.2609, SMAPE (T/V): 41.10/39.64, MAPE_safe (T/V): 60.22/59.78, Time: 5.37s
Epoch 70/500 => Train Loss: 2.7268, Val Loss: 2.2941, Best Loss: 2.2609, SMAPE (T/V): 41.00/39.53, MAPE_safe (T/V): 60.18/58.77, Time: 4.63s
Epoch 71/500 => Train Loss: 2.7378, Val Loss: 2.2958, Best Loss: 2.2609, SMAPE (T/V): 41.00/39.73, MAPE_safe (T/V): 59.91/68.53, Time: 4.64s
Epoch 72/500 => Train Loss: 2.7279, Val Loss: 2.3086, Best Loss: 2.2609, SMAPE (T/V): 41.05/39.43, MAPE_safe (T/V): 60.18/63.09, Time: 4.64s
Epoch 73/500 => Train Loss: 2.7270, Val Loss: 2.3206, Best Loss: 2.2609, SMAPE (T/V): 40.98/40.53, MAPE_safe (T/V): 60.25/64.01, Time: 4.63s
Epoch 74/500 => Train Loss: 2.7196, Val Loss: 2.3650, Best Loss: 2.2609, SMAPE (T/V): 41.03/41.54, MAPE_safe (T/V): 60.28/62.49, Time: 4.63s
Epoch 75/500 => Train Loss: 2.7209, Val Loss: 2.3019, Best Loss: 2.2609, SMAPE (T/V): 41.01/40.04, MAPE_safe (T/V): 60.05/65.93, Time: 4.64s
Epoch 76/500 => Train Loss: 2.7174, Val Loss: 2.3849, Best Loss: 2.2609, SMAPE (T/V): 41.02/41.50, MAPE_safe (T/V): 60.52/58.44, Time: 4.64s
Epoch 77/500 => Train Loss: 2.7247, Val Loss: 2.3039, Best Loss: 2.2609, SMAPE (T/V): 41.07/38.92, MAPE_safe (T/V): 60.24/57.88, Time: 4.62s
Epoch 78/500 => Train Loss: 2.7186, Val Loss: 2.3163, Best Loss: 2.2609, SMAPE (T/V): 41.00/40.17, MAPE_safe (T/V): 60.07/61.33, Time: 5.36s
Epoch 79/500 => Train Loss: 2.7122, Val Loss: 2.3266, Best Loss: 2.2609, SMAPE (T/V): 40.95/40.40, MAPE_safe (T/V): 60.05/63.88, Time: 4.63s
Epoch 80/500 => Train Loss: 2.7110, Val Loss: 2.3069, Best Loss: 2.2609, SMAPE (T/V): 41.09/40.01, MAPE_safe (T/V): 60.50/67.83, Time: 4.61s
Epoch 81/500 => Train Loss: 2.7143, Val Loss: 2.2988, Best Loss: 2.2609, SMAPE (T/V): 41.03/38.99, MAPE_safe (T/V): 60.33/59.51, Time: 4.62s
Epoch 82/500 => Train Loss: 2.7042, Val Loss: 2.3259, Best Loss: 2.2609, SMAPE (T/V): 40.95/40.50, MAPE_safe (T/V): 60.16/67.92, Time: 4.61s
Epoch 83/500 => Train Loss: 2.7050, Val Loss: 2.3233, Best Loss: 2.2609, SMAPE (T/V): 40.94/40.53, MAPE_safe (T/V): 60.47/66.22, Time: 4.61s
Epoch 84/500 => Train Loss: 2.6996, Val Loss: 2.2951, Best Loss: 2.2609, SMAPE (T/V): 40.97/39.87, MAPE_safe (T/V): 60.29/68.46, Time: 4.63s
Epoch 85/500 => Train Loss: 2.7035, Val Loss: 2.2938, Best Loss: 2.2609, SMAPE (T/V): 40.91/39.41, MAPE_safe (T/V): 60.19/65.82, Time: 4.64s
Epoch 86/500 => Train Loss: 2.6947, Val Loss: 2.3189, Best Loss: 2.2609, SMAPE (T/V): 40.81/40.69, MAPE_safe (T/V): 60.27/67.61, Time: 4.63s
Epoch 87/500 => Train Loss: 2.6826, Val Loss: 2.3659, Best Loss: 2.2609, SMAPE (T/V): 40.82/41.60, MAPE_safe (T/V): 60.25/59.96, Time: 4.64s
Epoch 88/500 => Train Loss: 2.6867, Val Loss: 2.3263, Best Loss: 2.2609, SMAPE (T/V): 40.82/41.14, MAPE_safe (T/V): 60.25/68.03, Time: 5.37s
Epoch 89/500 => Train Loss: 2.6932, Val Loss: 2.2839, Best Loss: 2.2609, SMAPE (T/V): 40.76/39.15, MAPE_safe (T/V): 59.97/61.53, Time: 4.64s
Epoch 90/500 => Train Loss: 2.6794, Val Loss: 2.2882, Best Loss: 2.2609, SMAPE (T/V): 40.70/39.35, MAPE_safe (T/V): 60.20/60.89, Time: 4.64s
Epoch 91/500 => Train Loss: 2.6734, Val Loss: 2.3158, Best Loss: 2.2609, SMAPE (T/V): 40.60/40.14, MAPE_safe (T/V): 59.91/60.70, Time: 4.65s
Epoch 92/500 => Train Loss: 2.6745, Val Loss: 2.3290, Best Loss: 2.2609, SMAPE (T/V): 40.66/40.67, MAPE_safe (T/V): 60.08/69.07, Time: 4.65s
Epoch 93/500 => Train Loss: 2.6692, Val Loss: 2.3121, Best Loss: 2.2609, SMAPE (T/V): 40.58/40.27, MAPE_safe (T/V): 60.16/67.00, Time: 4.64s
Epoch 94/500 => Train Loss: 2.6638, Val Loss: 2.3119, Best Loss: 2.2609, SMAPE (T/V): 40.52/40.30, MAPE_safe (T/V): 60.18/65.35, Time: 4.65s
Epoch 95/500 => Train Loss: 2.6670, Val Loss: 2.2944, Best Loss: 2.2609, SMAPE (T/V): 40.54/39.77, MAPE_safe (T/V): 59.72/64.83, Time: 4.64s
Epoch 96/500 => Train Loss: 2.6648, Val Loss: 2.3189, Best Loss: 2.2609, SMAPE (T/V): 40.48/40.28, MAPE_safe (T/V): 59.87/70.43, Time: 4.63s
Epoch 97/500 => Train Loss: 2.6676, Val Loss: 2.3129, Best Loss: 2.2609, SMAPE (T/V): 40.58/39.83, MAPE_safe (T/V): 60.16/68.48, Time: 4.64s
Epoch 98/500 => Train Loss: 2.6699, Val Loss: 2.3000, Best Loss: 2.2609, SMAPE (T/V): 40.54/39.49, MAPE_safe (T/V): 60.10/61.61, Time: 5.39s
Epoch 99/500 => Train Loss: 2.6600, Val Loss: 2.3155, Best Loss: 2.2609, SMAPE (T/V): 40.45/40.45, MAPE_safe (T/V): 59.80/67.65, Time: 4.64s
Epoch 100/500 => Train Loss: 2.6839, Val Loss: 2.3383, Best Loss: 2.2609, SMAPE (T/V): 40.47/41.34, MAPE_safe (T/V): 60.08/64.98, Time: 4.63s
Epoch 101/500 => Train Loss: 2.6720, Val Loss: 2.3120, Best Loss: 2.2609, SMAPE (T/V): 40.58/39.93, MAPE_safe (T/V): 60.15/63.82, Time: 4.64s
Epoch 102/500 => Train Loss: 2.6631, Val Loss: 2.3137, Best Loss: 2.2609, SMAPE (T/V): 40.43/40.20, MAPE_safe (T/V): 59.81/70.33, Time: 4.63s
Epoch 103/500 => Train Loss: 2.6604, Val Loss: 2.2855, Best Loss: 2.2609, SMAPE (T/V): 40.41/38.92, MAPE_safe (T/V): 59.99/59.87, Time: 4.65s
Epoch 104/500 => Train Loss: 2.6541, Val Loss: 2.3185, Best Loss: 2.2609, SMAPE (T/V): 40.26/40.52, MAPE_safe (T/V): 59.83/62.37, Time: 4.65s
Epoch 105/500 => Train Loss: 2.6554, Val Loss: 2.3219, Best Loss: 2.2609, SMAPE (T/V): 40.22/40.62, MAPE_safe (T/V): 59.49/63.71, Time: 4.64s
Epoch 106/500 => Train Loss: 2.6529, Val Loss: 2.3216, Best Loss: 2.2609, SMAPE (T/V): 40.28/39.93, MAPE_safe (T/V): 59.80/65.58, Time: 4.63s
Epoch 107/500 => Train Loss: 2.6583, Val Loss: 2.3182, Best Loss: 2.2609, SMAPE (T/V): 40.33/39.91, MAPE_safe (T/V): 59.71/70.20, Time: 5.36s
[INFO] Early stopping triggered after 108 epochs
[INFO] Best validation loss: 2.2609
Training complete in 8m 39s, best val loss: 2.2609
[1;34mwandb[0m: 
[1;34mwandb[0m: 🚀 View run [33mSimpleGraphSAGE_fixed_no_log_transform_SimpleGraphSAGE[0m at: [34mhttps://wandb.ai/maa9509-new-york-university/release_model/runs/c8rpvvih[0m
[1;34mwandb[0m: Find logs at: [1;35mwandb/run-20251005_202248-c8rpvvih/logs[0m
