Baseline MAPE (const=1.0): Train=48.29%, Val=46.17%
[INFO] New best model saved with val_loss: 95.5417
Epoch 1/500 => Train Loss: 296.3384, Val Loss: 95.5417, Best Loss: 95.5417, SMAPE (T/V): 57.05/50.35, MAPE_safe (T/V): 202.34/197.93, Time: 5.59s
Epoch 2/500 => Train Loss: 292.5291, Val Loss: 95.5914, Best Loss: 95.5417, SMAPE (T/V): 53.12/48.79, MAPE_safe (T/V): 200.77/178.62, Time: 4.60s
Epoch 3/500 => Train Loss: 292.1593, Val Loss: 96.0669, Best Loss: 95.5417, SMAPE (T/V): 53.34/49.92, MAPE_safe (T/V): 204.86/195.54, Time: 4.66s
Epoch 4/500 => Train Loss: 291.5176, Val Loss: 96.5118, Best Loss: 95.5417, SMAPE (T/V): 52.36/51.90, MAPE_safe (T/V): 200.13/233.98, Time: 4.64s
Epoch 5/500 => Train Loss: 291.0834, Val Loss: 96.1387, Best Loss: 95.5417, SMAPE (T/V): 52.57/51.41, MAPE_safe (T/V): 202.42/225.97, Time: 4.64s
[INFO] New best model saved with val_loss: 95.2071
Epoch 6/500 => Train Loss: 290.1437, Val Loss: 95.2071, Best Loss: 95.2071, SMAPE (T/V): 51.96/49.21, MAPE_safe (T/V): 199.83/196.67, Time: 4.68s
Epoch 7/500 => Train Loss: 290.0572, Val Loss: 98.2432, Best Loss: 95.2071, SMAPE (T/V): 52.09/51.64, MAPE_safe (T/V): 203.63/254.18, Time: 4.62s
Epoch 8/500 => Train Loss: 289.8669, Val Loss: 95.6877, Best Loss: 95.2071, SMAPE (T/V): 51.69/49.46, MAPE_safe (T/V): 203.16/203.82, Time: 4.59s
Epoch 9/500 => Train Loss: 289.4720, Val Loss: 96.7132, Best Loss: 95.2071, SMAPE (T/V): 51.44/49.17, MAPE_safe (T/V): 198.04/208.23, Time: 4.60s
Epoch 10/500 => Train Loss: 289.2986, Val Loss: 96.5378, Best Loss: 95.2071, SMAPE (T/V): 51.33/44.51, MAPE_safe (T/V): 204.04/140.24, Time: 4.58s
Epoch 11/500 => Train Loss: 288.8932, Val Loss: 96.2273, Best Loss: 95.2071, SMAPE (T/V): 51.24/47.13, MAPE_safe (T/V): 196.45/170.65, Time: 5.57s
Epoch 12/500 => Train Loss: 288.4789, Val Loss: 97.1625, Best Loss: 95.2071, SMAPE (T/V): 51.01/45.67, MAPE_safe (T/V): 202.65/161.13, Time: 4.56s
Epoch 13/500 => Train Loss: 287.3368, Val Loss: 95.8388, Best Loss: 95.2071, SMAPE (T/V): 50.89/49.22, MAPE_safe (T/V): 199.25/207.98, Time: 4.55s
Epoch 14/500 => Train Loss: 289.3599, Val Loss: 98.0122, Best Loss: 95.2071, SMAPE (T/V): 50.92/48.82, MAPE_safe (T/V): 201.69/204.41, Time: 4.56s
Epoch 15/500 => Train Loss: 287.7996, Val Loss: 97.4832, Best Loss: 95.2071, SMAPE (T/V): 50.36/48.68, MAPE_safe (T/V): 198.86/205.30, Time: 4.59s
Epoch 16/500 => Train Loss: 289.7122, Val Loss: 97.2923, Best Loss: 95.2071, SMAPE (T/V): 50.72/45.16, MAPE_safe (T/V): 201.19/133.86, Time: 4.57s
[INFO] New best model saved with val_loss: 95.1568
Epoch 17/500 => Train Loss: 286.7692, Val Loss: 95.1568, Best Loss: 95.1568, SMAPE (T/V): 51.10/47.06, MAPE_safe (T/V): 203.55/173.45, Time: 4.64s
Epoch 18/500 => Train Loss: 285.8706, Val Loss: 96.7512, Best Loss: 95.1568, SMAPE (T/V): 50.32/44.76, MAPE_safe (T/V): 199.39/148.23, Time: 4.59s
Epoch 19/500 => Train Loss: 288.4192, Val Loss: 96.1251, Best Loss: 95.1568, SMAPE (T/V): 50.68/50.32, MAPE_safe (T/V): 201.40/214.08, Time: 4.59s
Epoch 20/500 => Train Loss: 286.0910, Val Loss: 96.8389, Best Loss: 95.1568, SMAPE (T/V): 51.15/49.86, MAPE_safe (T/V): 201.03/220.96, Time: 4.56s
Epoch 21/500 => Train Loss: 285.6883, Val Loss: 96.4195, Best Loss: 95.1568, SMAPE (T/V): 50.44/49.47, MAPE_safe (T/V): 200.45/209.11, Time: 5.61s
Epoch 22/500 => Train Loss: 290.3074, Val Loss: 96.0133, Best Loss: 95.1568, SMAPE (T/V): 51.08/49.09, MAPE_safe (T/V): 201.21/203.93, Time: 4.56s
Epoch 23/500 => Train Loss: 286.5452, Val Loss: 95.8076, Best Loss: 95.1568, SMAPE (T/V): 51.18/47.74, MAPE_safe (T/V): 201.90/184.33, Time: 4.61s
Epoch 24/500 => Train Loss: 285.7484, Val Loss: 99.4501, Best Loss: 95.1568, SMAPE (T/V): 50.71/49.70, MAPE_safe (T/V): 201.53/219.05, Time: 4.57s
Epoch 25/500 => Train Loss: 287.1358, Val Loss: 99.3729, Best Loss: 95.1568, SMAPE (T/V): 50.46/49.92, MAPE_safe (T/V): 204.28/215.54, Time: 4.56s
Epoch 26/500 => Train Loss: 283.5421, Val Loss: 106.5265, Best Loss: 95.1568, SMAPE (T/V): 50.24/49.52, MAPE_safe (T/V): 198.29/228.52, Time: 4.57s
Epoch 27/500 => Train Loss: 287.9786, Val Loss: 95.9794, Best Loss: 95.1568, SMAPE (T/V): 50.56/49.89, MAPE_safe (T/V): 202.66/217.33, Time: 4.57s
Epoch 28/500 => Train Loss: 286.4889, Val Loss: 102.5638, Best Loss: 95.1568, SMAPE (T/V): 50.72/53.45, MAPE_safe (T/V): 201.08/273.58, Time: 4.55s
Epoch 29/500 => Train Loss: 283.7226, Val Loss: 110.0285, Best Loss: 95.1568, SMAPE (T/V): 50.43/49.66, MAPE_safe (T/V): 202.84/230.19, Time: 4.55s
Epoch 30/500 => Train Loss: 280.9377, Val Loss: 96.1779, Best Loss: 95.1568, SMAPE (T/V): 50.24/48.14, MAPE_safe (T/V): 202.24/182.91, Time: 5.66s
Epoch 31/500 => Train Loss: 292.0103, Val Loss: 96.4589, Best Loss: 95.1568, SMAPE (T/V): 50.45/49.89, MAPE_safe (T/V): 196.32/215.64, Time: 4.60s
Epoch 32/500 => Train Loss: 291.4842, Val Loss: 95.9328, Best Loss: 95.1568, SMAPE (T/V): 51.56/47.56, MAPE_safe (T/V): 202.44/180.16, Time: 4.61s
Epoch 33/500 => Train Loss: 291.1808, Val Loss: 95.4583, Best Loss: 95.1568, SMAPE (T/V): 50.85/49.64, MAPE_safe (T/V): 199.72/181.51, Time: 4.61s
Epoch 34/500 => Train Loss: 288.8302, Val Loss: 103.6746, Best Loss: 95.1568, SMAPE (T/V): 52.16/55.02, MAPE_safe (T/V): 202.03/273.26, Time: 4.63s
Epoch 35/500 => Train Loss: 284.8569, Val Loss: 102.2600, Best Loss: 95.1568, SMAPE (T/V): 51.98/49.78, MAPE_safe (T/V): 207.40/228.28, Time: 4.59s
Epoch 36/500 => Train Loss: 284.1153, Val Loss: 96.0917, Best Loss: 95.1568, SMAPE (T/V): 50.64/46.82, MAPE_safe (T/V): 202.88/170.44, Time: 4.59s
Epoch 37/500 => Train Loss: 288.7508, Val Loss: 101.2202, Best Loss: 95.1568, SMAPE (T/V): 51.35/51.14, MAPE_safe (T/V): 204.42/239.80, Time: 4.59s
Epoch 38/500 => Train Loss: 285.8834, Val Loss: 100.0460, Best Loss: 95.1568, SMAPE (T/V): 51.05/49.86, MAPE_safe (T/V): 204.50/189.14, Time: 4.58s
Epoch 39/500 => Train Loss: 279.0826, Val Loss: 96.6502, Best Loss: 95.1568, SMAPE (T/V): 50.47/49.53, MAPE_safe (T/V): 201.27/210.24, Time: 4.58s
Epoch 40/500 => Train Loss: 291.0922, Val Loss: 97.4145, Best Loss: 95.1568, SMAPE (T/V): 51.39/51.19, MAPE_safe (T/V): 203.15/230.01, Time: 5.63s
Epoch 41/500 => Train Loss: 287.4139, Val Loss: 111.2357, Best Loss: 95.1568, SMAPE (T/V): 51.12/48.75, MAPE_safe (T/V): 207.39/205.30, Time: 4.59s
Epoch 42/500 => Train Loss: 285.3951, Val Loss: 98.1401, Best Loss: 95.1568, SMAPE (T/V): 50.97/51.99, MAPE_safe (T/V): 197.93/252.43, Time: 4.57s
Epoch 43/500 => Train Loss: 289.8315, Val Loss: 100.7845, Best Loss: 95.1568, SMAPE (T/V): 52.06/44.63, MAPE_safe (T/V): 207.43/123.39, Time: 4.60s
Epoch 44/500 => Train Loss: 284.2479, Val Loss: 104.7911, Best Loss: 95.1568, SMAPE (T/V): 50.79/46.79, MAPE_safe (T/V): 201.46/177.12, Time: 4.59s
Epoch 45/500 => Train Loss: 280.1286, Val Loss: 103.4140, Best Loss: 95.1568, SMAPE (T/V): 50.56/50.49, MAPE_safe (T/V): 203.97/231.71, Time: 4.57s
Epoch 46/500 => Train Loss: 275.8823, Val Loss: 96.0408, Best Loss: 95.1568, SMAPE (T/V): 50.04/49.38, MAPE_safe (T/V): 205.54/203.74, Time: 4.57s
Epoch 47/500 => Train Loss: 287.4081, Val Loss: 108.1188, Best Loss: 95.1568, SMAPE (T/V): 50.31/53.59, MAPE_safe (T/V): 201.94/284.33, Time: 4.57s
Epoch 48/500 => Train Loss: 280.9240, Val Loss: 96.7401, Best Loss: 95.1568, SMAPE (T/V): 50.78/49.45, MAPE_safe (T/V): 204.28/197.13, Time: 4.57s
Epoch 49/500 => Train Loss: 283.6529, Val Loss: 104.6164, Best Loss: 95.1568, SMAPE (T/V): 50.48/50.81, MAPE_safe (T/V): 204.32/233.62, Time: 4.59s
Epoch 50/500 => Train Loss: 277.4533, Val Loss: 97.9856, Best Loss: 95.1568, SMAPE (T/V): 50.22/50.51, MAPE_safe (T/V): 202.83/228.19, Time: 5.66s
Epoch 51/500 => Train Loss: 284.2275, Val Loss: 98.8491, Best Loss: 95.1568, SMAPE (T/V): 50.45/51.04, MAPE_safe (T/V): 204.50/238.80, Time: 4.57s
Epoch 52/500 => Train Loss: 289.9815, Val Loss: 107.4517, Best Loss: 95.1568, SMAPE (T/V): 50.46/61.24, MAPE_safe (T/V): 201.38/279.23, Time: 4.58s
Epoch 53/500 => Train Loss: 281.6540, Val Loss: 96.7948, Best Loss: 95.1568, SMAPE (T/V): 51.88/47.45, MAPE_safe (T/V): 208.43/167.70, Time: 4.59s
Epoch 54/500 => Train Loss: 290.1506, Val Loss: 117.3194, Best Loss: 95.1568, SMAPE (T/V): 50.69/52.69, MAPE_safe (T/V): 200.03/287.35, Time: 4.55s
Epoch 55/500 => Train Loss: 294.4169, Val Loss: 96.0912, Best Loss: 95.1568, SMAPE (T/V): 51.16/49.34, MAPE_safe (T/V): 204.45/195.15, Time: 4.57s
Epoch 56/500 => Train Loss: 284.6147, Val Loss: 96.8355, Best Loss: 95.1568, SMAPE (T/V): 51.09/48.95, MAPE_safe (T/V): 204.37/192.47, Time: 4.56s
Epoch 57/500 => Train Loss: 280.7708, Val Loss: 97.7591, Best Loss: 95.1568, SMAPE (T/V): 49.84/46.12, MAPE_safe (T/V): 202.93/158.82, Time: 4.56s
Epoch 58/500 => Train Loss: 278.4577, Val Loss: 99.8403, Best Loss: 95.1568, SMAPE (T/V): 49.72/49.90, MAPE_safe (T/V): 200.32/222.77, Time: 4.57s
Epoch 59/500 => Train Loss: 277.7100, Val Loss: 98.0570, Best Loss: 95.1568, SMAPE (T/V): 49.88/47.30, MAPE_safe (T/V): 203.38/176.24, Time: 5.41s
Epoch 60/500 => Train Loss: 282.3134, Val Loss: 99.0478, Best Loss: 95.1568, SMAPE (T/V): 49.67/52.19, MAPE_safe (T/V): 203.06/263.22, Time: 4.60s
Epoch 61/500 => Train Loss: 288.7467, Val Loss: 118.2155, Best Loss: 95.1568, SMAPE (T/V): 50.30/50.46, MAPE_safe (T/V): 204.28/246.47, Time: 4.60s
Epoch 62/500 => Train Loss: 289.2190, Val Loss: 96.1062, Best Loss: 95.1568, SMAPE (T/V): 50.44/48.22, MAPE_safe (T/V): 198.71/192.08, Time: 4.58s
Epoch 63/500 => Train Loss: 291.3605, Val Loss: 96.2057, Best Loss: 95.1568, SMAPE (T/V): 51.61/48.23, MAPE_safe (T/V): 205.09/186.05, Time: 4.61s
Epoch 64/500 => Train Loss: 287.6814, Val Loss: 98.5809, Best Loss: 95.1568, SMAPE (T/V): 50.99/46.95, MAPE_safe (T/V): 200.86/174.22, Time: 4.58s
Epoch 65/500 => Train Loss: 279.6627, Val Loss: 95.2019, Best Loss: 95.1568, SMAPE (T/V): 50.44/49.63, MAPE_safe (T/V): 203.01/204.11, Time: 4.57s
Epoch 66/500 => Train Loss: 276.9002, Val Loss: 98.5241, Best Loss: 95.1568, SMAPE (T/V): 49.72/48.17, MAPE_safe (T/V): 204.50/192.66, Time: 4.58s
[INFO] Early stopping triggered after 67 epochs
[INFO] Best validation loss: 95.1568
Training complete in 5m 23s, best val loss: 95.1568
[1;34mwandb[0m: 
[1;34mwandb[0m: 🚀 View run [33mSimpleGraphSAGE_fixed_no_log_transform_SimpleGraphSAGE[0m at: [34mhttps://wandb.ai/maa9509-new-york-university/release_model/runs/vktjt0sz[0m
[1;34mwandb[0m: Find logs at: [1;35mwandb/run-20251005_191806-vktjt0sz/logs[0m
