Baseline MAPE (const=1.0): Train=48.29%, Val=46.17%
[INFO] New best model saved with val_loss: 12827.0826
Epoch 1/500 => Train Loss: 21159.3390, Val Loss: 12827.0826, Best Loss: 12827.0826, SMAPE (T/V): 78.72/94.53, MAPE_safe (T/V): 1747.45/752.20, Time: 6.47s
[INFO] New best model saved with val_loss: 2844.6835
Epoch 2/500 => Train Loss: 16322.3349, Val Loss: 2844.6835, Best Loss: 2844.6835, SMAPE (T/V): 79.68/74.69, MAPE_safe (T/V): 1290.86/163.91, Time: 5.57s
Epoch 3/500 => Train Loss: 14012.8312, Val Loss: 9818.4849, Best Loss: 2844.6835, SMAPE (T/V): 80.30/98.20, MAPE_safe (T/V): 1090.14/594.75, Time: 5.52s
Epoch 4/500 => Train Loss: 10674.6147, Val Loss: 8356.5429, Best Loss: 2844.6835, SMAPE (T/V): 79.57/99.53, MAPE_safe (T/V): 844.63/520.26, Time: 5.52s
[INFO] New best model saved with val_loss: 1046.9218
Epoch 5/500 => Train Loss: 7718.3758, Val Loss: 1046.9218, Best Loss: 1046.9218, SMAPE (T/V): 80.34/96.43, MAPE_safe (T/V): 614.41/131.10, Time: 5.57s
[INFO] New best model saved with val_loss: 954.8272
Epoch 6/500 => Train Loss: 4666.8629, Val Loss: 954.8272, Best Loss: 954.8272, SMAPE (T/V): 79.55/95.95, MAPE_safe (T/V): 404.36/121.82, Time: 5.58s
Epoch 7/500 => Train Loss: 3135.1230, Val Loss: 3099.0016, Best Loss: 954.8272, SMAPE (T/V): 79.33/67.59, MAPE_safe (T/V): 302.65/166.00, Time: 5.57s
Epoch 8/500 => Train Loss: 2383.3982, Val Loss: 1035.5431, Best Loss: 954.8272, SMAPE (T/V): 77.27/66.01, MAPE_safe (T/V): 213.62/77.78, Time: 5.55s
[INFO] New best model saved with val_loss: 907.1992
Epoch 9/500 => Train Loss: 1289.0735, Val Loss: 907.1992, Best Loss: 907.1992, SMAPE (T/V): 80.91/66.75, MAPE_safe (T/V): 131.64/76.17, Time: 5.56s
[INFO] New best model saved with val_loss: 391.4462
Epoch 10/500 => Train Loss: 843.9869, Val Loss: 391.4462, Best Loss: 391.4462, SMAPE (T/V): 82.40/95.02, MAPE_safe (T/V): 108.64/94.51, Time: 6.30s
[INFO] New best model saved with val_loss: 242.3095
Epoch 11/500 => Train Loss: 554.8494, Val Loss: 242.3095, Best Loss: 242.3095, SMAPE (T/V): 83.00/87.76, MAPE_safe (T/V): 84.87/81.06, Time: 5.58s
Epoch 12/500 => Train Loss: 494.5297, Val Loss: 456.0868, Best Loss: 242.3095, SMAPE (T/V): 83.27/94.60, MAPE_safe (T/V): 80.13/95.58, Time: 5.55s
Epoch 13/500 => Train Loss: 476.2226, Val Loss: 309.5226, Best Loss: 242.3095, SMAPE (T/V): 82.12/84.75, MAPE_safe (T/V): 79.39/79.97, Time: 5.54s
Epoch 14/500 => Train Loss: 466.3229, Val Loss: 266.0744, Best Loss: 242.3095, SMAPE (T/V): 83.53/93.20, MAPE_safe (T/V): 79.53/85.92, Time: 5.55s
Epoch 15/500 => Train Loss: 459.6371, Val Loss: 255.8402, Best Loss: 242.3095, SMAPE (T/V): 81.89/81.42, MAPE_safe (T/V): 78.69/77.55, Time: 5.52s
Epoch 16/500 => Train Loss: 488.9059, Val Loss: 409.7316, Best Loss: 242.3095, SMAPE (T/V): 81.59/83.91, MAPE_safe (T/V): 80.11/84.23, Time: 5.55s
Epoch 17/500 => Train Loss: 408.9357, Val Loss: 343.2228, Best Loss: 242.3095, SMAPE (T/V): 84.20/84.27, MAPE_safe (T/V): 79.34/81.52, Time: 5.56s
Epoch 18/500 => Train Loss: 404.6786, Val Loss: 328.7475, Best Loss: 242.3095, SMAPE (T/V): 82.97/80.88, MAPE_safe (T/V): 78.63/78.56, Time: 5.53s
Epoch 19/500 => Train Loss: 399.7525, Val Loss: 382.0560, Best Loss: 242.3095, SMAPE (T/V): 82.38/80.52, MAPE_safe (T/V): 77.59/79.77, Time: 5.55s
Epoch 20/500 => Train Loss: 392.1111, Val Loss: 355.6636, Best Loss: 242.3095, SMAPE (T/V): 83.47/80.97, MAPE_safe (T/V): 78.29/78.71, Time: 5.54s
Epoch 21/500 => Train Loss: 364.0608, Val Loss: 314.5276, Best Loss: 242.3095, SMAPE (T/V): 82.76/87.12, MAPE_safe (T/V): 77.37/83.38, Time: 6.25s
Epoch 22/500 => Train Loss: 357.9977, Val Loss: 389.6825, Best Loss: 242.3095, SMAPE (T/V): 84.22/94.13, MAPE_safe (T/V): 79.34/91.27, Time: 5.53s
Epoch 23/500 => Train Loss: 318.5473, Val Loss: 274.7911, Best Loss: 242.3095, SMAPE (T/V): 85.70/88.67, MAPE_safe (T/V): 79.03/82.54, Time: 5.53s
Epoch 24/500 => Train Loss: 344.1582, Val Loss: 375.0680, Best Loss: 242.3095, SMAPE (T/V): 84.63/75.87, MAPE_safe (T/V): 79.37/75.25, Time: 5.56s
Epoch 25/500 => Train Loss: 375.8393, Val Loss: 374.1607, Best Loss: 242.3095, SMAPE (T/V): 83.36/79.01, MAPE_safe (T/V): 78.82/77.57, Time: 5.54s
Epoch 26/500 => Train Loss: 337.4335, Val Loss: 322.2901, Best Loss: 242.3095, SMAPE (T/V): 83.95/79.57, MAPE_safe (T/V): 77.31/77.68, Time: 5.55s
Epoch 27/500 => Train Loss: 313.7371, Val Loss: 317.5823, Best Loss: 242.3095, SMAPE (T/V): 84.54/85.57, MAPE_safe (T/V): 77.04/82.49, Time: 5.56s
Epoch 28/500 => Train Loss: 326.8829, Val Loss: 283.3016, Best Loss: 242.3095, SMAPE (T/V): 85.33/80.69, MAPE_safe (T/V): 79.98/77.81, Time: 5.52s
Epoch 29/500 => Train Loss: 297.8831, Val Loss: 277.3162, Best Loss: 242.3095, SMAPE (T/V): 85.76/83.09, MAPE_safe (T/V): 78.70/79.55, Time: 5.54s
Epoch 30/500 => Train Loss: 282.0709, Val Loss: 270.7696, Best Loss: 242.3095, SMAPE (T/V): 87.25/91.25, MAPE_safe (T/V): 78.92/85.86, Time: 5.55s
Epoch 31/500 => Train Loss: 297.9678, Val Loss: 260.4069, Best Loss: 242.3095, SMAPE (T/V): 85.32/87.07, MAPE_safe (T/V): 78.48/82.65, Time: 6.25s
Epoch 32/500 => Train Loss: 293.5990, Val Loss: 282.6526, Best Loss: 242.3095, SMAPE (T/V): 84.79/84.67, MAPE_safe (T/V): 77.35/81.32, Time: 5.56s
Epoch 33/500 => Train Loss: 279.5210, Val Loss: 245.3869, Best Loss: 242.3095, SMAPE (T/V): 86.32/86.45, MAPE_safe (T/V): 78.36/80.83, Time: 5.54s
[INFO] New best model saved with val_loss: 221.0991
Epoch 34/500 => Train Loss: 258.8128, Val Loss: 221.0991, Best Loss: 221.0991, SMAPE (T/V): 88.15/86.98, MAPE_safe (T/V): 78.26/80.92, Time: 5.57s
Epoch 35/500 => Train Loss: 263.3064, Val Loss: 254.2869, Best Loss: 221.0991, SMAPE (T/V): 88.32/94.26, MAPE_safe (T/V): 79.29/87.51, Time: 5.56s
[INFO] New best model saved with val_loss: 213.5309
Epoch 36/500 => Train Loss: 254.7115, Val Loss: 213.5309, Best Loss: 213.5309, SMAPE (T/V): 87.64/88.29, MAPE_safe (T/V): 78.93/81.86, Time: 5.59s
Epoch 37/500 => Train Loss: 250.6886, Val Loss: 225.2034, Best Loss: 213.5309, SMAPE (T/V): 87.38/85.97, MAPE_safe (T/V): 77.84/80.39, Time: 5.55s
Epoch 38/500 => Train Loss: 236.0514, Val Loss: 230.2517, Best Loss: 213.5309, SMAPE (T/V): 87.66/86.03, MAPE_safe (T/V): 77.44/80.32, Time: 5.55s
Epoch 39/500 => Train Loss: 232.2784, Val Loss: 259.2669, Best Loss: 213.5309, SMAPE (T/V): 87.38/80.91, MAPE_safe (T/V): 77.62/77.17, Time: 5.52s
[INFO] New best model saved with val_loss: 201.3826
Epoch 40/500 => Train Loss: 230.2446, Val Loss: 201.3826, Best Loss: 201.3826, SMAPE (T/V): 88.12/90.04, MAPE_safe (T/V): 77.44/82.54, Time: 5.61s
Epoch 41/500 => Train Loss: 227.2459, Val Loss: 219.3245, Best Loss: 201.3826, SMAPE (T/V): 88.43/82.85, MAPE_safe (T/V): 78.01/77.89, Time: 5.55s
[INFO] New best model saved with val_loss: 183.5898
Epoch 42/500 => Train Loss: 214.8045, Val Loss: 183.5898, Best Loss: 183.5898, SMAPE (T/V): 89.56/89.72, MAPE_safe (T/V): 78.66/81.51, Time: 6.32s
Epoch 43/500 => Train Loss: 203.2609, Val Loss: 194.0305, Best Loss: 183.5898, SMAPE (T/V): 90.24/93.61, MAPE_safe (T/V): 77.87/84.03, Time: 5.58s
Epoch 44/500 => Train Loss: 203.1425, Val Loss: 227.4096, Best Loss: 183.5898, SMAPE (T/V): 90.69/97.96, MAPE_safe (T/V): 79.47/87.96, Time: 5.55s
[INFO] New best model saved with val_loss: 165.2887
Epoch 45/500 => Train Loss: 195.8546, Val Loss: 165.2887, Best Loss: 165.2887, SMAPE (T/V): 91.03/92.90, MAPE_safe (T/V): 78.81/82.86, Time: 5.57s
[INFO] New best model saved with val_loss: 157.6857
Epoch 46/500 => Train Loss: 177.8442, Val Loss: 157.6857, Best Loss: 157.6857, SMAPE (T/V): 91.02/92.49, MAPE_safe (T/V): 77.83/82.28, Time: 5.52s
Epoch 47/500 => Train Loss: 167.1322, Val Loss: 165.8421, Best Loss: 157.6857, SMAPE (T/V): 92.38/91.18, MAPE_safe (T/V): 78.42/81.59, Time: 5.50s
[INFO] New best model saved with val_loss: 153.0193
Epoch 48/500 => Train Loss: 155.4986, Val Loss: 153.0193, Best Loss: 153.0193, SMAPE (T/V): 93.78/92.91, MAPE_safe (T/V): 78.76/82.26, Time: 5.55s
[INFO] New best model saved with val_loss: 140.4023
Epoch 49/500 => Train Loss: 149.5961, Val Loss: 140.4023, Best Loss: 140.4023, SMAPE (T/V): 93.96/94.22, MAPE_safe (T/V): 78.76/82.45, Time: 5.54s
[INFO] New best model saved with val_loss: 130.9185
Epoch 50/500 => Train Loss: 142.0143, Val Loss: 130.9185, Best Loss: 130.9185, SMAPE (T/V): 94.25/97.64, MAPE_safe (T/V): 78.62/83.86, Time: 5.55s
Epoch 51/500 => Train Loss: 142.5414, Val Loss: 131.6847, Best Loss: 130.9185, SMAPE (T/V): 94.77/93.94, MAPE_safe (T/V): 78.78/82.18, Time: 5.52s
[INFO] New best model saved with val_loss: 118.6482
Epoch 52/500 => Train Loss: 128.2957, Val Loss: 118.6482, Best Loss: 118.6482, SMAPE (T/V): 95.65/95.66, MAPE_safe (T/V): 78.99/82.78, Time: 6.23s
[INFO] New best model saved with val_loss: 109.2953
Epoch 53/500 => Train Loss: 120.0715, Val Loss: 109.2953, Best Loss: 109.2953, SMAPE (T/V): 96.32/98.26, MAPE_safe (T/V): 79.01/83.52, Time: 5.53s
[INFO] New best model saved with val_loss: 105.7534
Epoch 54/500 => Train Loss: 111.3420, Val Loss: 105.7534, Best Loss: 105.7534, SMAPE (T/V): 97.18/98.25, MAPE_safe (T/V): 79.10/83.48, Time: 5.55s
[INFO] New best model saved with val_loss: 105.2831
Epoch 55/500 => Train Loss: 104.9620, Val Loss: 105.2831, Best Loss: 105.2831, SMAPE (T/V): 97.86/97.48, MAPE_safe (T/V): 79.25/83.26, Time: 5.54s
[INFO] New best model saved with val_loss: 99.5614
Epoch 56/500 => Train Loss: 103.8337, Val Loss: 99.5614, Best Loss: 99.5614, SMAPE (T/V): 98.02/98.81, MAPE_safe (T/V): 79.27/83.57, Time: 5.53s
Epoch 57/500 => Train Loss: 102.5668, Val Loss: 100.3276, Best Loss: 99.5614, SMAPE (T/V): 98.14/98.06, MAPE_safe (T/V): 79.32/83.51, Time: 5.49s
Epoch 58/500 => Train Loss: 100.5673, Val Loss: 102.2500, Best Loss: 99.5614, SMAPE (T/V): 98.09/97.85, MAPE_safe (T/V): 79.33/83.45, Time: 5.47s
Epoch 59/500 => Train Loss: 101.8223, Val Loss: 99.8629, Best Loss: 99.5614, SMAPE (T/V): 98.07/99.32, MAPE_safe (T/V): 79.32/83.64, Time: 5.51s
[INFO] New best model saved with val_loss: 99.4596
Epoch 60/500 => Train Loss: 101.7776, Val Loss: 99.4596, Best Loss: 99.4596, SMAPE (T/V): 97.95/98.10, MAPE_safe (T/V): 79.30/83.55, Time: 5.53s
Epoch 61/500 => Train Loss: 101.8026, Val Loss: 100.0598, Best Loss: 99.4596, SMAPE (T/V): 98.11/98.07, MAPE_safe (T/V): 79.33/83.53, Time: 5.49s
[INFO] New best model saved with val_loss: 98.6484
Epoch 62/500 => Train Loss: 100.1112, Val Loss: 98.6484, Best Loss: 98.6484, SMAPE (T/V): 97.98/98.10, MAPE_safe (T/V): 79.32/83.59, Time: 6.28s
Epoch 63/500 => Train Loss: 99.2110, Val Loss: 98.9870, Best Loss: 98.6484, SMAPE (T/V): 97.92/98.10, MAPE_safe (T/V): 79.33/83.57, Time: 5.49s
Epoch 64/500 => Train Loss: 102.4311, Val Loss: 100.3104, Best Loss: 98.6484, SMAPE (T/V): 97.99/98.06, MAPE_safe (T/V): 79.32/83.53, Time: 5.48s
Epoch 65/500 => Train Loss: 100.0818, Val Loss: 99.5990, Best Loss: 98.6484, SMAPE (T/V): 97.94/98.12, MAPE_safe (T/V): 79.32/83.55, Time: 5.50s
Epoch 66/500 => Train Loss: 100.1300, Val Loss: 99.3664, Best Loss: 98.6484, SMAPE (T/V): 97.97/99.16, MAPE_safe (T/V): 79.33/83.63, Time: 5.48s
Epoch 67/500 => Train Loss: 99.6220, Val Loss: 99.2420, Best Loss: 98.6484, SMAPE (T/V): 97.91/98.12, MAPE_safe (T/V): 79.33/83.56, Time: 5.49s
[INFO] New best model saved with val_loss: 98.6425
Epoch 68/500 => Train Loss: 104.0554, Val Loss: 98.6425, Best Loss: 98.6425, SMAPE (T/V): 97.75/98.11, MAPE_safe (T/V): 79.67/83.58, Time: 5.53s
Epoch 69/500 => Train Loss: 99.1232, Val Loss: 99.1501, Best Loss: 98.6425, SMAPE (T/V): 97.93/98.16, MAPE_safe (T/V): 79.34/83.58, Time: 5.48s
Epoch 70/500 => Train Loss: 98.9673, Val Loss: 98.7467, Best Loss: 98.6425, SMAPE (T/V): 97.81/98.24, MAPE_safe (T/V): 79.33/83.59, Time: 5.49s
Epoch 71/500 => Train Loss: 99.2503, Val Loss: 98.9502, Best Loss: 98.6425, SMAPE (T/V): 97.86/98.11, MAPE_safe (T/V): 79.33/83.57, Time: 5.49s
Epoch 72/500 => Train Loss: 99.0593, Val Loss: 98.8755, Best Loss: 98.6425, SMAPE (T/V): 97.89/98.10, MAPE_safe (T/V): 79.34/83.57, Time: 6.24s
Epoch 73/500 => Train Loss: 98.6333, Val Loss: 98.9792, Best Loss: 98.6425, SMAPE (T/V): 97.74/98.13, MAPE_safe (T/V): 79.34/83.58, Time: 5.52s
Epoch 74/500 => Train Loss: 99.1493, Val Loss: 98.9941, Best Loss: 98.6425, SMAPE (T/V): 97.96/98.48, MAPE_safe (T/V): 79.34/83.61, Time: 5.51s
Epoch 75/500 => Train Loss: 122.7837, Val Loss: 99.0028, Best Loss: 98.6425, SMAPE (T/V): 97.69/98.17, MAPE_safe (T/V): 80.70/83.57, Time: 5.53s
Epoch 76/500 => Train Loss: 98.8830, Val Loss: 99.3683, Best Loss: 98.6425, SMAPE (T/V): 97.85/98.08, MAPE_safe (T/V): 79.34/83.57, Time: 5.51s
[INFO] New best model saved with val_loss: 98.6065
Epoch 77/500 => Train Loss: 98.4414, Val Loss: 98.6065, Best Loss: 98.6065, SMAPE (T/V): 97.66/98.07, MAPE_safe (T/V): 79.34/83.58, Time: 5.53s
Epoch 78/500 => Train Loss: 99.3570, Val Loss: 99.4102, Best Loss: 98.6065, SMAPE (T/V): 97.56/98.14, MAPE_safe (T/V): 79.96/83.55, Time: 5.51s
Epoch 79/500 => Train Loss: 98.2962, Val Loss: 98.7794, Best Loss: 98.6065, SMAPE (T/V): 97.57/98.09, MAPE_safe (T/V): 79.34/83.58, Time: 5.48s
Epoch 80/500 => Train Loss: 98.3126, Val Loss: 98.7287, Best Loss: 98.6065, SMAPE (T/V): 97.63/98.24, MAPE_safe (T/V): 79.34/83.60, Time: 5.50s
Epoch 81/500 => Train Loss: 98.3889, Val Loss: 98.8337, Best Loss: 98.6065, SMAPE (T/V): 97.62/98.10, MAPE_safe (T/V): 79.34/83.57, Time: 6.22s
Epoch 82/500 => Train Loss: 98.4597, Val Loss: 98.7302, Best Loss: 98.6065, SMAPE (T/V): 97.64/98.24, MAPE_safe (T/V): 79.33/83.60, Time: 5.49s
[INFO] New best model saved with val_loss: 98.5616
Epoch 83/500 => Train Loss: 98.4940, Val Loss: 98.5616, Best Loss: 98.5616, SMAPE (T/V): 97.69/98.08, MAPE_safe (T/V): 79.34/83.59, Time: 5.53s
Epoch 84/500 => Train Loss: 98.2590, Val Loss: 98.7233, Best Loss: 98.5616, SMAPE (T/V): 97.57/98.23, MAPE_safe (T/V): 79.34/83.60, Time: 5.50s
Epoch 85/500 => Train Loss: 98.3833, Val Loss: 98.5816, Best Loss: 98.5616, SMAPE (T/V): 97.59/98.07, MAPE_safe (T/V): 79.34/83.58, Time: 5.53s
Epoch 86/500 => Train Loss: 98.2188, Val Loss: 98.5904, Best Loss: 98.5616, SMAPE (T/V): 97.54/98.11, MAPE_safe (T/V): 79.34/83.59, Time: 5.53s
[INFO] New best model saved with val_loss: 98.5480
Epoch 87/500 => Train Loss: 98.2992, Val Loss: 98.5480, Best Loss: 98.5480, SMAPE (T/V): 97.56/98.06, MAPE_safe (T/V): 79.34/83.59, Time: 5.57s
Epoch 88/500 => Train Loss: 98.4273, Val Loss: 98.8173, Best Loss: 98.5480, SMAPE (T/V): 97.67/98.33, MAPE_safe (T/V): 79.34/83.60, Time: 5.48s
Epoch 89/500 => Train Loss: 98.3120, Val Loss: 98.8709, Best Loss: 98.5480, SMAPE (T/V): 97.60/98.10, MAPE_safe (T/V): 79.34/83.57, Time: 5.50s
Epoch 90/500 => Train Loss: 98.3464, Val Loss: 98.8261, Best Loss: 98.5480, SMAPE (T/V): 97.63/98.33, MAPE_safe (T/V): 79.33/83.60, Time: 5.50s
Epoch 91/500 => Train Loss: 98.4042, Val Loss: 99.2417, Best Loss: 98.5480, SMAPE (T/V): 97.67/98.13, MAPE_safe (T/V): 79.34/83.56, Time: 6.22s
Epoch 92/500 => Train Loss: 98.2886, Val Loss: 98.7676, Best Loss: 98.5480, SMAPE (T/V): 97.56/98.09, MAPE_safe (T/V): 79.34/83.58, Time: 5.50s
Epoch 93/500 => Train Loss: 98.2698, Val Loss: 98.7246, Best Loss: 98.5480, SMAPE (T/V): 97.56/98.23, MAPE_safe (T/V): 79.34/83.60, Time: 5.50s
Epoch 94/500 => Train Loss: 98.5440, Val Loss: 98.7524, Best Loss: 98.5480, SMAPE (T/V): 97.69/98.26, MAPE_safe (T/V): 79.34/83.60, Time: 5.50s
Epoch 95/500 => Train Loss: 98.3346, Val Loss: 98.5950, Best Loss: 98.5480, SMAPE (T/V): 97.61/98.07, MAPE_safe (T/V): 79.34/83.58, Time: 5.50s
Epoch 96/500 => Train Loss: 98.4363, Val Loss: 99.5038, Best Loss: 98.5480, SMAPE (T/V): 97.64/99.19, MAPE_safe (T/V): 79.33/83.64, Time: 5.49s
Epoch 97/500 => Train Loss: 98.4481, Val Loss: 98.8329, Best Loss: 98.5480, SMAPE (T/V): 97.66/98.34, MAPE_safe (T/V): 79.34/83.60, Time: 5.50s
Epoch 98/500 => Train Loss: 100.1515, Val Loss: 99.0785, Best Loss: 98.5480, SMAPE (T/V): 97.69/98.14, MAPE_safe (T/V): 79.36/83.56, Time: 5.49s
Epoch 99/500 => Train Loss: 98.4206, Val Loss: 99.0027, Best Loss: 98.5480, SMAPE (T/V): 97.59/98.53, MAPE_safe (T/V): 79.34/83.61, Time: 5.51s
Epoch 100/500 => Train Loss: 98.4706, Val Loss: 99.0462, Best Loss: 98.5480, SMAPE (T/V): 97.68/98.12, MAPE_safe (T/V): 79.34/83.56, Time: 5.50s
Epoch 101/500 => Train Loss: 98.4055, Val Loss: 99.1235, Best Loss: 98.5480, SMAPE (T/V): 97.66/98.67, MAPE_safe (T/V): 79.34/83.62, Time: 5.48s
Epoch 102/500 => Train Loss: 98.5498, Val Loss: 98.7723, Best Loss: 98.5480, SMAPE (T/V): 97.69/98.28, MAPE_safe (T/V): 79.33/83.60, Time: 6.23s
Epoch 103/500 => Train Loss: 98.5448, Val Loss: 99.2228, Best Loss: 98.5480, SMAPE (T/V): 97.70/98.79, MAPE_safe (T/V): 79.34/83.62, Time: 5.52s
Epoch 104/500 => Train Loss: 98.5270, Val Loss: 98.9983, Best Loss: 98.5480, SMAPE (T/V): 97.72/98.52, MAPE_safe (T/V): 79.34/83.61, Time: 5.52s
Epoch 105/500 => Train Loss: 98.3122, Val Loss: 98.6795, Best Loss: 98.5480, SMAPE (T/V): 97.58/98.19, MAPE_safe (T/V): 79.34/83.59, Time: 5.51s
Epoch 106/500 => Train Loss: 98.3680, Val Loss: 98.6462, Best Loss: 98.5480, SMAPE (T/V): 97.60/98.08, MAPE_safe (T/V): 79.34/83.58, Time: 5.49s
Epoch 107/500 => Train Loss: 98.3008, Val Loss: 98.6536, Best Loss: 98.5480, SMAPE (T/V): 97.58/98.08, MAPE_safe (T/V): 79.34/83.58, Time: 5.48s
Epoch 108/500 => Train Loss: 98.4810, Val Loss: 99.0737, Best Loss: 98.5480, SMAPE (T/V): 97.67/98.12, MAPE_safe (T/V): 79.34/83.56, Time: 5.50s
Epoch 109/500 => Train Loss: 98.3885, Val Loss: 98.6553, Best Loss: 98.5480, SMAPE (T/V): 97.61/98.17, MAPE_safe (T/V): 79.34/83.59, Time: 5.52s
Epoch 110/500 => Train Loss: 98.5130, Val Loss: 98.6028, Best Loss: 98.5480, SMAPE (T/V): 97.71/98.12, MAPE_safe (T/V): 79.34/83.59, Time: 5.50s
Epoch 111/500 => Train Loss: 98.5304, Val Loss: 98.7400, Best Loss: 98.5480, SMAPE (T/V): 97.72/98.09, MAPE_safe (T/V): 79.34/83.58, Time: 5.52s
Epoch 112/500 => Train Loss: 98.5430, Val Loss: 98.9571, Best Loss: 98.5480, SMAPE (T/V): 97.72/98.47, MAPE_safe (T/V): 79.34/83.61, Time: 5.48s
Epoch 113/500 => Train Loss: 98.4360, Val Loss: 99.6333, Best Loss: 98.5480, SMAPE (T/V): 97.66/99.39, MAPE_safe (T/V): 79.34/83.64, Time: 6.25s
Epoch 114/500 => Train Loss: 98.4916, Val Loss: 99.2911, Best Loss: 98.5480, SMAPE (T/V): 97.69/98.13, MAPE_safe (T/V): 79.34/83.55, Time: 5.51s
Epoch 115/500 => Train Loss: 98.6951, Val Loss: 98.9106, Best Loss: 98.5480, SMAPE (T/V): 97.83/98.11, MAPE_safe (T/V): 79.34/83.57, Time: 5.51s
Epoch 116/500 => Train Loss: 98.5498, Val Loss: 98.8517, Best Loss: 98.5480, SMAPE (T/V): 97.73/98.36, MAPE_safe (T/V): 79.34/83.60, Time: 5.53s
Epoch 117/500 => Train Loss: 98.4733, Val Loss: 99.3086, Best Loss: 98.5480, SMAPE (T/V): 97.65/98.13, MAPE_safe (T/V): 79.34/83.55, Time: 5.52s
Epoch 118/500 => Train Loss: 98.6179, Val Loss: 98.6454, Best Loss: 98.5480, SMAPE (T/V): 97.74/98.16, MAPE_safe (T/V): 79.34/83.59, Time: 5.51s
Epoch 119/500 => Train Loss: 98.4883, Val Loss: 98.7782, Best Loss: 98.5480, SMAPE (T/V): 97.69/98.09, MAPE_safe (T/V): 79.34/83.58, Time: 5.49s
Epoch 120/500 => Train Loss: 98.3968, Val Loss: 98.9768, Best Loss: 98.5480, SMAPE (T/V): 97.64/98.11, MAPE_safe (T/V): 79.34/83.57, Time: 5.49s
Epoch 121/500 => Train Loss: 98.3916, Val Loss: 98.7927, Best Loss: 98.5480, SMAPE (T/V): 97.64/98.30, MAPE_safe (T/V): 79.34/83.60, Time: 5.49s
Epoch 122/500 => Train Loss: 98.4482, Val Loss: 98.9970, Best Loss: 98.5480, SMAPE (T/V): 97.63/98.12, MAPE_safe (T/V): 79.34/83.57, Time: 5.51s
Epoch 123/500 => Train Loss: 98.5568, Val Loss: 99.0034, Best Loss: 98.5480, SMAPE (T/V): 97.69/98.53, MAPE_safe (T/V): 79.34/83.61, Time: 5.50s
Epoch 124/500 => Train Loss: 106.3446, Val Loss: 98.9489, Best Loss: 98.5480, SMAPE (T/V): 97.47/98.22, MAPE_safe (T/V): 83.41/83.60, Time: 6.20s
Epoch 125/500 => Train Loss: 103.4707, Val Loss: 98.5616, Best Loss: 98.5480, SMAPE (T/V): 97.62/98.08, MAPE_safe (T/V): 79.31/83.59, Time: 5.51s
Epoch 126/500 => Train Loss: 98.7874, Val Loss: 98.9833, Best Loss: 98.5480, SMAPE (T/V): 97.79/98.11, MAPE_safe (T/V): 79.34/83.57, Time: 5.50s
Epoch 127/500 => Train Loss: 98.6620, Val Loss: 101.4317, Best Loss: 98.5480, SMAPE (T/V): 97.81/100.00, MAPE_safe (T/V): 79.34/83.71, Time: 5.48s
Epoch 128/500 => Train Loss: 98.8672, Val Loss: 98.5775, Best Loss: 98.5480, SMAPE (T/V): 97.84/98.09, MAPE_safe (T/V): 79.34/83.59, Time: 5.52s
Epoch 129/500 => Train Loss: 98.6918, Val Loss: 99.7020, Best Loss: 98.5480, SMAPE (T/V): 97.79/99.50, MAPE_safe (T/V): 79.34/83.65, Time: 5.51s
Epoch 130/500 => Train Loss: 98.6459, Val Loss: 98.8131, Best Loss: 98.5480, SMAPE (T/V): 97.77/98.10, MAPE_safe (T/V): 79.34/83.57, Time: 5.52s
Epoch 131/500 => Train Loss: 98.4612, Val Loss: 98.7067, Best Loss: 98.5480, SMAPE (T/V): 97.66/98.22, MAPE_safe (T/V): 79.34/83.60, Time: 5.52s
Epoch 132/500 => Train Loss: 98.6267, Val Loss: 98.7642, Best Loss: 98.5480, SMAPE (T/V): 97.79/98.22, MAPE_safe (T/V): 79.34/83.60, Time: 5.50s
Epoch 133/500 => Train Loss: 98.7027, Val Loss: 98.9675, Best Loss: 98.5480, SMAPE (T/V): 97.79/98.11, MAPE_safe (T/V): 79.34/83.57, Time: 5.50s
Epoch 134/500 => Train Loss: 98.4786, Val Loss: 98.7230, Best Loss: 98.5480, SMAPE (T/V): 97.70/98.09, MAPE_safe (T/V): 79.34/83.58, Time: 6.24s
Epoch 135/500 => Train Loss: 98.6817, Val Loss: 99.0839, Best Loss: 98.5480, SMAPE (T/V): 97.73/98.12, MAPE_safe (T/V): 79.34/83.56, Time: 5.50s
Epoch 136/500 => Train Loss: 98.4616, Val Loss: 98.5814, Best Loss: 98.5480, SMAPE (T/V): 97.68/98.10, MAPE_safe (T/V): 79.34/83.59, Time: 5.51s
[INFO] Early stopping triggered after 137 epochs
[INFO] Best validation loss: 98.5480
Training complete in 12m 58s, best val loss: 98.5480
[1;34mwandb[0m: 
[1;34mwandb[0m: 🚀 View run [33mResidualGIN_mape_early_stop_ResidualGIN[0m at: [34mhttps://wandb.ai/maa9509-new-york-university/release_model/runs/sgpra5go[0m
[1;34mwandb[0m: Find logs at: [1;35mwandb/run-20251005_211917-sgpra5go/logs[0m
